<?xml version="1.0" encoding="UTF-8"?>
<testsuite xmlns:xsi="http://www.w3.org/2001/XMLSchema-instance" xsi:noNamespaceSchemaLocation="https://maven.apache.org/surefire/maven-surefire-plugin/xsd/surefire-test-report-3.0.xsd" version="3.0" name="TestSuite" time="45.185" tests="1" errors="0" skipped="0" failures="0">
  <properties>
[...]
</properties>
  <testcase name="frontPageNavigation" classname="bookingFlight.HomePage" time="35.188">
    <system-out><![CDATA[Contact email
*
First names*
Last names*
Gender specified on your passport
*
One way
·
1 traveller
·
Thu 22 Sept
Hyderabad
London
Who's flying?
Contact details
Required
Contact email
*
We'll send your flight confirmation here



We'll send your flight confirmation here
Contact number*
+44




Get free SMS updates about your flight
Get free SMS updates about your flight
Adult 1
Required
First names*
Enter exactly what's written on the passenger's passport or identity card
First names*



Enter exactly what's written on the passenger's passport or identity card
Last names*
Enter exactly what's written on the passenger's passport or identity card
Last names*



Enter exactly what's written on the passenger's passport or identity card
Gender specified on your passport
*
Select
Male
Female
We're currently required by airlines and providers to ask for this information
*
We're currently required by airlines and providers to ask for this information
Date of birth (DD/MM/YYYY)*












Ticket (1 adult)
£335.90
Flight fare
£105.30
Taxes and charges
£230.60
Total
Includes taxes and charges
£335.90
View price breakdown
Give feedback
Tell us how we're doing and what could be better
Some flights on this site are ATOL protected. Information this protection will be provided for each flight offer. If you do not receive an ATOL certificate, then your booking is not protected. For more information, see our booking conditions or go to www.caa.co.uk Booking.com ATOL Number 11967
]]></system-out>
    <system-err><![CDATA[SLF4J: Failed to load class "org.slf4j.impl.StaticLoggerBinder".
SLF4J: Defaulting to no-operation (NOP) logger implementation
SLF4J: See http://www.slf4j.org/codes.html#StaticLoggerBinder for further details.
Starting ChromeDriver 103.0.5060.53 (a1711811edd74ff1cf2150f36ffa3b0dae40b17f-refs/branch-heads/5060@{#853}) on port 50939
Only local connections are allowed.
Please see https://chromedriver.chromium.org/security-considerations for suggestions on keeping ChromeDriver safe.
ChromeDriver was started successfully.
Jul 17, 2022 4:35:30 AM org.openqa.selenium.remote.ProtocolHandshake createSession
INFO: Detected dialect: W3C
Jul 17, 2022 4:35:30 AM org.openqa.selenium.devtools.CdpVersionFinder findNearestMatch
WARNING: Unable to find an exact match for CDP version 103, so returning the closest version found: 99
Jul 17, 2022 4:35:30 AM org.openqa.selenium.devtools.CdpVersionFinder findNearestMatch
INFO: Found CDP implementation for version 103 of 99
]]></system-err>
  </testcase>
</testsuite>