<?xml version="1.0" encoding="UTF-8"?>
<testng-results skipped="0" failed="0" ignored="0" total="1" passed="1">
  <reporter-output>
  </reporter-output>
  <suite name="Suite" duration-ms="38218" started-at="2022-07-15T15:18:01 BST" finished-at="2022-07-15T15:18:39 BST">
    <groups>
    </groups>
    <test name="Test" duration-ms="38218" started-at="2022-07-15T15:18:01 BST" finished-at="2022-07-15T15:18:39 BST">
      <class name="bookingFlight.HomePage">
        <test-method status="PASS" signature="initialize()[pri:0, instance:bookingFlight.HomePage@25bbf683]" name="initialize" is-config="true" duration-ms="4412" started-at="2022-07-15T15:18:01 BST" finished-at="2022-07-15T15:18:05 BST">
          <reporter-output>
          </reporter-output>
        </test-method> <!-- initialize -->
        <test-method status="PASS" signature="frontPageNavigation()[pri:0, instance:bookingFlight.HomePage@25bbf683]" name="frontPageNavigation" duration-ms="29620" started-at="2022-07-15T15:18:05 BST" finished-at="2022-07-15T15:18:35 BST">
          <reporter-output>
          </reporter-output>
        </test-method> <!-- frontPageNavigation -->
        <test-method status="PASS" signature="teardown()[pri:0, instance:bookingFlight.HomePage@25bbf683]" name="teardown" is-config="true" duration-ms="4132" started-at="2022-07-15T15:18:35 BST" finished-at="2022-07-15T15:18:39 BST">
          <reporter-output>
          </reporter-output>
        </test-method> <!-- teardown -->
      </class> <!-- bookingFlight.HomePage -->
    </test> <!-- Test -->
  </suite> <!-- Suite -->
</testng-results>
